#
# A fatal error has been detected by the Java Runtime Environment:
#
#  EXCEPTION_ACCESS_VIOLATION (0xc0000005) at pc=0x000000006fc681a6, pid=204, tid=4568
#
# JRE version: Java(TM) SE Runtime Environment (7.0_51-b13) (build 1.7.0_51-b13)
# Java VM: Java HotSpot(TM) 64-Bit Server VM (24.51-b03 mixed mode windows-amd64 compressed oops)
# Problematic frame:
# C  [libstdc++-6.dll+0x281a6]
#
# Failed to write core dump. Minidumps are not enabled by default on client versions of Windows
#
# If you would like to submit a bug report, please visit:
#   http://bugreport.sun.com/bugreport/crash.jsp
# The crash happened outside the Java Virtual Machine in native code.
# See problematic frame for where to report the bug.
#

---------------  T H R E A D  ---------------

Current thread (0x000000000231d800):  JavaThread "main" [_thread_in_native, id=4568, stack(0x0000000002450000,0x0000000002550000)]

siginfo: ExceptionCode=0xc0000005, reading address 0xffffffffffffffff

Registers:
RAX=0x000000000254f090, RBX=0x0000000000145af0, RCX=0x6f646e69572f3a63, RDX=0x000000000254f090
RSP=0x000000000254edd0, RBP=0x000000000254ee30, RSI=0x00000000c35bdc38, RDI=0x00000000025560f8
R8 =0x000000000254f090, R9 =0x000000000254f090, R10=0x0000000000317fa0, R11=0x0000000000145b38
R12=0x0000000000000000, R13=0x00000000c3659e28, R14=0x000000000254f190, R15=0x000000000231d800
RIP=0x000000006fc681a6, EFLAGS=0x0000000000010202

Top of Stack: (sp=0x000000000254edd0)
0x000000000254edd0:   6f646e69572f3a63 0000000000000030
0x000000000254ede0:   00000000001402a8 000000000254eed0
0x000000000254edf0:   000000000254ee20 0000000000145af0
0x000000000254ee00:   00000000c35bdc38 0000000070232910
0x000000000254ee10:   0000000002310000 0000000077c4654f
0x000000000254ee20:   000000000254ee60 0000000070232454
0x000000000254ee30:   000000000254ee60 0000000070230eb4
0x000000000254ee40:   6f646e69572f3a63 000000000254f090
0x000000000254ee50:   00000000080c8bd1 000000000254ee08
0x000000000254ee60:   000000000254eea0 0000000070231dcf
0x000000000254ee70:   0000000000145ae8 6f646e69572f3a63
0x000000000254ee80:   000000000254f090 000000000254f190
0x000000000254ee90:   000000000231d800 000000000254f190
0x000000000254eea0:   000000000254ef30 0000000070231bf1
0x000000000254eeb0:   0000000000145ae8 6f646e69572f3a43
0x000000000254eec0:   0000000000145af0 000000000254f090 

Instructions: (pc=0x000000006fc681a6)
0x000000006fc68186:   81 fb 00 00 00 80 89 d0 0f 4d c3 48 83 c4 28 5b
0x000000006fc68196:   5e 5f 5d c3 90 90 90 90 90 90 56 53 48 83 ec 28
0x000000006fc681a6:   48 8b 09 48 8b 12 48 8b 59 e8 48 8b 72 e8 49 89
0x000000006fc681b6:   d8 48 39 de 4c 0f 46 c6 e8 75 1f ff ff 85 c0 75 


Register to memory mapping:

RAX=0x000000000254f090 is pointing into the stack for thread: 0x000000000231d800
RBX=0x0000000000145af0 is an unknown value
RCX=0x6f646e69572f3a63 is an unknown value
RDX=0x000000000254f090 is pointing into the stack for thread: 0x000000000231d800
RSP=0x000000000254edd0 is pointing into the stack for thread: 0x000000000231d800
RBP=0x000000000254ee30 is pointing into the stack for thread: 0x000000000231d800
RSI=0x00000000c35bdc38 is an oop
{instance class} 
 - klass: {other class}
RDI=0x00000000025560f8 is at code_begin+2520 in an Interpreter codelet
return entry points  [0x0000000002555720, 0x0000000002557520]  7680 bytes
R8 =0x000000000254f090 is pointing into the stack for thread: 0x000000000231d800
R9 =0x000000000254f090 is pointing into the stack for thread: 0x000000000231d800
R10=0x0000000000317fa0 is an unknown value
R11=0x0000000000145b38 is an unknown value
R12=0x0000000000000000 is an unknown value
R13=0x00000000c3659e28 is an oop
{method} 
 - klass: {other class}
R14=0x000000000254f190 is pointing into the stack for thread: 0x000000000231d800
R15=0x000000000231d800 is a thread


Stack: [0x0000000002450000,0x0000000002550000],  sp=0x000000000254edd0,  free space=1019k
Native frames: (J=compiled Java code, j=interpreted, Vv=VM code, C=native code)
C  [libstdc++-6.dll+0x281a6]
C  [jfreetype.dll+0x70eb4]
C  [jfreetype.dll+0x71dcf]
C  [jfreetype.dll+0x71bf1]

Java frames: (J=compiled Java code, j=interpreted, Vv=VM code)
j  com.cig.jfreetype.JFreeType.meassure(Ljava/lang/String;Ljava/lang/String;)Lcom/cig/jfreetype/Vector2;+0
j  com.cig.jfreetype.JFreeType.main([Ljava/lang/String;)V+33
v  ~StubRoutines::call_stub

---------------  P R O C E S S  ---------------

Java Threads: ( => current thread )
  0x000000000813e000 JavaThread "Service Thread" daemon [_thread_blocked, id=4000, stack(0x0000000009c10000,0x0000000009d10000)]
  0x0000000008135000 JavaThread "C2 CompilerThread1" daemon [_thread_blocked, id=5060, stack(0x0000000009990000,0x0000000009a90000)]
  0x0000000008120800 JavaThread "C2 CompilerThread0" daemon [_thread_blocked, id=2588, stack(0x0000000009780000,0x0000000009880000)]
  0x000000000811f800 JavaThread "Attach Listener" daemon [_thread_blocked, id=2480, stack(0x0000000009650000,0x0000000009750000)]
  0x0000000008118800 JavaThread "Signal Dispatcher" daemon [_thread_blocked, id=2184, stack(0x00000000093d0000,0x00000000094d0000)]
  0x00000000080c6800 JavaThread "Finalizer" daemon [_thread_blocked, id=1028, stack(0x0000000009540000,0x0000000009640000)]
  0x00000000080bd800 JavaThread "Reference Handler" daemon [_thread_blocked, id=4816, stack(0x0000000009280000,0x0000000009380000)]
=>0x000000000231d800 JavaThread "main" [_thread_in_native, id=4568, stack(0x0000000002450000,0x0000000002550000)]

Other Threads:
  0x00000000080b9800 VMThread [stack: 0x0000000009090000,0x0000000009190000] [id=3256]
  0x0000000009d18800 WatcherThread [stack: 0x0000000009b10000,0x0000000009c10000] [id=2352]

VM state:not at safepoint (normal execution)

VM Mutex/Monitor currently owned by a thread: None

Heap
 PSYoungGen      total 16896K, used 594K [0x00000000ed700000, 0x00000000ee980000, 0x0000000100000000)
  eden space 14848K, 4% used [0x00000000ed700000,0x00000000ed794868,0x00000000ee580000)
  from space 2048K, 0% used [0x00000000ee780000,0x00000000ee780000,0x00000000ee980000)
  to   space 2048K, 0% used [0x00000000ee580000,0x00000000ee580000,0x00000000ee780000)
 ParOldGen       total 37888K, used 0K [0x00000000c8600000, 0x00000000cab00000, 0x00000000ed700000)
  object space 37888K, 0% used [0x00000000c8600000,0x00000000c8600000,0x00000000cab00000)
 PSPermGen       total 21504K, used 2415K [0x00000000c3400000, 0x00000000c4900000, 0x00000000c8600000)
  object space 21504K, 11% used [0x00000000c3400000,0x00000000c365bd38,0x00000000c4900000)

Card table byte_map: [0x0000000005550000,0x0000000005740000] byte_map_base: 0x0000000004f36000

Polling page: 0x0000000000130000

Code Cache  [0x0000000002550000, 0x00000000027c0000, 0x0000000005550000)
 total_blobs=166 nmethods=0 adapters=135 free_code_cache=48773Kb largest_free_block=49944448

Compilation events (0 events):
No events

GC Heap History (0 events):
No events

Deoptimization events (0 events):
No events

Internal exceptions (4 events):
Event: 0.024 Thread 0x000000000231d800 Threw 0x00000000ed70aea8 at C:\re\jdk7u51\527\hotspot\src\share\vm\prims\jni.cpp:3991
Event: 0.050 Thread 0x000000000231d800 Threw 0x00000000ed74c250 at C:\re\jdk7u51\527\hotspot\src\share\vm\prims\jvm.cpp:1244
Event: 0.053 Thread 0x000000000231d800 Threw 0x00000000ed751f08 at C:\re\jdk7u51\527\hotspot\src\share\vm\prims\jvm.cpp:1244
Event: 0.054 Thread 0x000000000231d800 Threw 0x00000000ed753268 at C:\re\jdk7u51\527\hotspot\src\share\vm\prims\jvm.cpp:1244

Events (10 events):
Event: 0.053 loading class 0x0000000002294c40
Event: 0.053 loading class 0x0000000002294c40 done
Event: 0.053 loading class 0x0000000008134e80
Event: 0.053 loading class 0x0000000008134e80 done
Event: 0.054 loading class 0x0000000008134e50
Event: 0.054 loading class 0x0000000008134e50 done
Event: 0.054 loading class 0x000000000227cde0
Event: 0.054 loading class 0x000000000227cde0 done
Event: 0.054 loading class 0x000000000227cd80
Event: 0.054 loading class 0x000000000227cd80 done


Dynamic libraries:
0x000000013f580000 - 0x000000013f5b3000 	C:\Program Files\Java\jdk1.7.0_51\bin\java.exe
0x0000000077c20000 - 0x0000000077dc9000 	C:\Windows\SYSTEM32\ntdll.dll
0x0000000077a00000 - 0x0000000077b1f000 	C:\Windows\system32\kernel32.dll
0x000007fefdd30000 - 0x000007fefdd9c000 	C:\Windows\system32\KERNELBASE.dll
0x000007feff8f0000 - 0x000007feff9cb000 	C:\Windows\system32\ADVAPI32.dll
0x000007fefe560000 - 0x000007fefe5ff000 	C:\Windows\system32\msvcrt.dll
0x000007feff8d0000 - 0x000007feff8ef000 	C:\Windows\SYSTEM32\sechost.dll
0x000007fefe1f0000 - 0x000007fefe31d000 	C:\Windows\system32\RPCRT4.dll
0x0000000077b20000 - 0x0000000077c1a000 	C:\Windows\system32\USER32.dll
0x000007feff9d0000 - 0x000007feffa37000 	C:\Windows\system32\GDI32.dll
0x000007feffc70000 - 0x000007feffc7e000 	C:\Windows\system32\LPK.dll
0x000007fefe9e0000 - 0x000007fefeaa9000 	C:\Windows\system32\USP10.dll
0x000007fefc3f0000 - 0x000007fefc5e4000 	C:\Windows\WinSxS\amd64_microsoft.windows.common-controls_6595b64144ccf1df_6.0.7601.17514_none_fa396087175ac9ac\COMCTL32.dll
0x000007feff850000 - 0x000007feff8c1000 	C:\Windows\system32\SHLWAPI.dll
0x000007fefe530000 - 0x000007fefe55e000 	C:\Windows\system32\IMM32.DLL
0x000007fefe8d0000 - 0x000007fefe9d9000 	C:\Windows\system32\MSCTF.dll
0x00000000749e0000 - 0x0000000074ab2000 	C:\Program Files\Java\jdk1.7.0_51\jre\bin\msvcr100.dll
0x0000000070f20000 - 0x00000000716e9000 	C:\Program Files\Java\jdk1.7.0_51\jre\bin\server\jvm.dll
0x000007fef1390000 - 0x000007fef1399000 	C:\Windows\system32\WSOCK32.dll
0x000007feffc20000 - 0x000007feffc6d000 	C:\Windows\system32\WS2_32.dll
0x000007feff840000 - 0x000007feff848000 	C:\Windows\system32\NSI.dll
0x000007fefb430000 - 0x000007fefb46b000 	C:\Windows\system32\WINMM.dll
0x0000000077de0000 - 0x0000000077de7000 	C:\Windows\system32\PSAPI.DLL
0x0000000075420000 - 0x000000007542f000 	C:\Program Files\Java\jdk1.7.0_51\jre\bin\verify.dll
0x00000000753f0000 - 0x0000000075418000 	C:\Program Files\Java\jdk1.7.0_51\jre\bin\java.dll
0x0000000075270000 - 0x0000000075285000 	C:\Program Files\Java\jdk1.7.0_51\jre\bin\zip.dll
0x00000000701c0000 - 0x0000000070518000 	C:\Users\Work\Desktop\jfreetype\bin\jfreetype.dll
0x000000006fc40000 - 0x000000006fd39000 	C:\gcc\bin\libstdc++-6.dll
0x000007fef32a0000 - 0x000007fef33c5000 	C:\Windows\system32\dbghelp.dll

VM Arguments:
jvm_args: -Djava.library.path=bin 
java_command: com/cig/jfreetype/JFreeType
Launcher Type: SUN_STANDARD

Environment Variables:
JAVA_HOME=C:\Program Files\Java\jdk1.7.0_51
PATH=C:\Program Files\Java\jdk1.7.0_51\bin;C:\gcc\bin;C:\Windows\System32;C:\Tools\ant\bin;C:\Users\Work\Desktop\android-ndk-r10c
USERNAME=Work
OS=Windows_NT
PROCESSOR_IDENTIFIER=AMD64 Family 21 Model 16 Stepping 1, AuthenticAMD



---------------  S Y S T E M  ---------------

OS: Windows 7 , 64 bit Build 7601 Service Pack 1

CPU:total 4 (4 cores per cpu, 1 threads per core) family 21 model 16 stepping 1, cmov, cx8, fxsr, mmx, sse, sse2, sse3, ssse3, sse4.1, sse4.2, popcnt, avx, aes, mmxext, 3dnowpref, lzcnt, sse4a, tsc, tscinvbit, tscinv

Memory: 4k page, physical 3643676k(1097656k free), swap 7285488k(3963872k free)

vm_info: Java HotSpot(TM) 64-Bit Server VM (24.51-b03) for windows-amd64 JRE (1.7.0_51-b13), built on Dec 18 2013 18:40:56 by "java_re" with unknown MS VC++:1600

time: Sun Nov 16 15:08:15 2014
elapsed time: 0 seconds

